<?xml version="1.0" encoding="UTF-8"?>
<!-- Generated by org.testng.reporters.JUnitReportReporter -->
<testsuite hostname="Santosh-Sharma" failures="0" tests="2" name="Academy.HomePage" time="47.276" errors="0" timestamp="2022-06-22T12:28:22 IST" skipped="0">
  <testcase classname="Academy.HomePage" name="basePageNavigation" time="29.534"/>
  <system-out/>
  <testcase classname="Academy.HomePage" name="basePageNavigation" time="17.742"/>
  <system-out/>
</testsuite> <!-- Academy.HomePage -->
