<?xml version="1.0" encoding="UTF-8"?>
<!-- Generated by org.testng.reporters.JUnitReportReporter -->
<testsuite hostname="Santosh-Sharma" failures="0" tests="2" name="Academy.ValidateTitle" time="0.072" errors="0" timestamp="2022-06-22T12:28:22 IST" skipped="0">
  <testcase classname="Academy.ValidateTitle" name="basePageNavigation" time="0.039"/>
  <system-out/>
  <testcase classname="Academy.ValidateTitle" name="validateHeader" time="0.033"/>
  <system-out/>
</testsuite> <!-- Academy.ValidateTitle -->
