<?xml version="1.0" encoding="UTF-8"?>
<!-- Generated by org.testng.reporters.JUnitReportReporter -->
<testsuite hostname="Santosh-Sharma" failures="0" tests="1" name="Academy.ValidateNavigationBar" time="0.049" errors="0" timestamp="2022-06-22T12:28:22 IST" skipped="0">
  <testcase classname="Academy.ValidateNavigationBar" name="basePageNavigation" time="0.049"/>
  <system-out/>
</testsuite> <!-- Academy.ValidateNavigationBar -->
