<?xml version="1.0" encoding="UTF-8"?>
<!-- Generated by org.testng.reporters.JUnitReportReporter -->
<testsuite hostname="Santosh-Sharma" failures="0" tests="3" name="test.TestNgFeatures" time="0.009" errors="0" timestamp="2022-05-27T11:57:41 IST" skipped="0">
  <testcase classname="test.TestNgFeatures" name="loginTest" time="0.006"/>
  <system-out/>
  <testcase classname="test.TestNgFeatures" name="HomePageTest" time="0.001"/>
  <system-out/>
  <testcase classname="test.TestNgFeatures" name="SearchPageTest" time="0.002"/>
  <system-out/>
</testsuite> <!-- test.TestNgFeatures -->
