<?xml version="1.0" encoding="UTF-8"?>
<!-- Generated by org.testng.reporters.JUnitReportReporter -->
<testsuite hostname="Santosh-Sharma" failures="0" tests="1" name="test.ParameterTest" time="4.068" errors="0" timestamp="2022-06-20T22:17:27 IST" skipped="0">
  <testcase classname="test.ParameterTest" name="yahooLoginTest" time="4.068"/>
  <system-out/>
</testsuite> <!-- test.ParameterTest -->
