<?xml version="1.0" encoding="UTF-8"?>
<!-- Generated by org.testng.reporters.JUnitReportReporter -->
<testsuite hostname="Santosh-Sharma" failures="0" tests="5" name="test.GoogleTest" time="15.181" errors="0" timestamp="2022-06-20T22:14:38 IST" skipped="0">
  <testcase classname="test.GoogleTest" name="googleTitleTest" time="2.743"/>
  <system-out/>
  <testcase classname="test.GoogleTest" name="googleLogoTest" time="4.864"/>
  <system-out/>
  <testcase classname="test.GoogleTest" name="test1" time="2.641"/>
  <system-out/>
  <testcase classname="test.GoogleTest" name="test2" time="2.301"/>
  <system-out/>
  <testcase classname="test.GoogleTest" name="test3" time="2.632"/>
  <system-out/>
</testsuite> <!-- test.GoogleTest -->
