<?xml version="1.0" encoding="UTF-8"?>
<!-- Generated by org.testng.reporters.JUnitReportReporter -->
<testsuite hostname="DESKTOP-59SJ842" failures="0" tests="2" name="test.Day1" time="0.017" errors="0" timestamp="2022-03-05T10:37:06 IST" skipped="0">
  <testcase classname="test.Day1" name="searchtest" time="0.005"/>
  <system-out/>
  <testcase classname="test.Day1" name="getTitleTest" time="0.012"/>
  <system-out/>
</testsuite> <!-- test.Day1 -->
