<?xml version="1.0" encoding="UTF-8"?>
<!-- Generated by org.testng.reporters.JUnitReportReporter -->
<testsuite hostname="Santosh-Sharma" failures="0" tests="1" name="test.ParameterTest" time="5.701" errors="0" timestamp="2022-05-27T12:13:42 IST" skipped="0">
  <testcase classname="test.ParameterTest" name="yahooLoginTest" time="5.701"/>
  <system-out/>
</testsuite> <!-- test.ParameterTest -->
