<?xml version="1.0" encoding="UTF-8"?>
<!-- Generated by org.testng.reporters.JUnitReportReporter -->
<testsuite hostname="Santosh-Sharma" failures="0" tests="1" name="test.Day2" time="0.009" errors="0" timestamp="2022-05-27T10:53:30 IST" skipped="0">
  <testcase classname="test.Day2" name="Demo" time="0.009"/>
  <system-out/>
</testsuite> <!-- test.Day2 -->
