<?xml version="1.0" encoding="UTF-8"?>
<!-- Generated by org.testng.reporters.JUnitReportReporter -->
<testsuite hostname="Santosh-Sharma" failures="0" tests="5" name="test.GoogleTest" time="18.656" errors="0" timestamp="2022-05-27T11:01:59 IST" skipped="0">
  <testcase classname="test.GoogleTest" name="googleTitleTest" time="3.015"/>
  <system-out/>
  <testcase classname="test.GoogleTest" name="googleLogoTest" time="3.332"/>
  <system-out/>
  <testcase classname="test.GoogleTest" name="test1" time="2.749"/>
  <system-out/>
  <testcase classname="test.GoogleTest" name="test2" time="6.729"/>
  <system-out/>
  <testcase classname="test.GoogleTest" name="test3" time="2.831"/>
  <system-out/>
</testsuite> <!-- test.GoogleTest -->
