<?xml version="1.0" encoding="UTF-8"?>
<!-- Generated by org.testng.reporters.JUnitReportReporter -->
<testsuite hostname="Santosh-Sharma" failures="0" tests="2" name="test.Day4" time="0.001" errors="0" timestamp="2022-05-27T12:17:56 IST" skipped="1">
  <testcase classname="test.Day4" name="MobileloginCarLoan" time="0.001"/>
  <system-out/>
  <testcase classname="test.Day4" name="MobilesigninCarLoan">
    <skipped/>
  </testcase> <!-- MobilesigninCarLoan -->
  <system-out/>
</testsuite> <!-- test.Day4 -->
