<?xml version="1.0" encoding="UTF-8"?>
<!-- Generated by org.testng.reporters.JUnitReportReporter -->
<testsuite hostname="Santosh-Sharma" failures="0" tests="5" name="test.InvocationCountTest" time="0.009" errors="0" timestamp="2022-05-27T11:03:49 IST" skipped="0">
  <testcase classname="test.InvocationCountTest" name="sum" time="0.006"/>
  <system-out/>
  <testcase classname="test.InvocationCountTest" name="sum" time="0.001"/>
  <system-out/>
  <testcase classname="test.InvocationCountTest" name="sum" time="0.000"/>
  <system-out/>
  <testcase classname="test.InvocationCountTest" name="sum" time="0.001"/>
  <system-out/>
  <testcase classname="test.InvocationCountTest" name="sum" time="0.001"/>
  <system-out/>
</testsuite> <!-- test.InvocationCountTest -->
