<?xml version="1.0" encoding="UTF-8"?>
<!-- Generated by org.testng.reporters.JUnitReportReporter -->
<testsuite hostname="Santosh-Sharma" failures="0" tests="1" name="test.Day3" time="0.005" errors="0" timestamp="2022-05-27T12:17:56 IST" skipped="0">
  <testcase classname="test.Day3" name="ploan" time="0.005"/>
  <system-out/>
</testsuite> <!-- test.Day3 -->
