<?xml version="1.0" encoding="UTF-8"?>
<!-- Generated by org.testng.reporters.JUnitReportReporter -->
<testsuite hostname="Santosh-Sharma" failures="0" tests="1" name="Testcases.LoginApplication" time="39.307" errors="0" timestamp="2022-05-28T11:26:13 IST" skipped="0">
  <testcase classname="Testcases.LoginApplication" name="Login" time="39.307"/>
  <system-out/>
</testsuite> <!-- Testcases.LoginApplication -->
