<?xml version="1.0" encoding="UTF-8"?>
<!-- Generated by org.testng.reporters.JUnitReportReporter -->
<testsuite skipped="0" hostname="DESKTOP-59SJ842" name="rahulshettyacademy.ExtentReports.ExtentReportDemo" tests="1" failures="0" timestamp="2022-03-06T16:39:01 IST" time="11.950" errors="0">
  <testcase name="initialDemo" time="11.950" classname="rahulshettyacademy.ExtentReports.ExtentReportDemo"/>
  <system-out/>
</testsuite> <!-- rahulshettyacademy.ExtentReports.ExtentReportDemo -->
